2016-08-01 02:21:26,852 - requests_oauthlib.oauth1_auth - DEBUG - Signing request <PreparedRequest [POST]> using client <Client nonce=None, signature_method=HMAC-SHA1, realm=None, encoding=utf-8, timestamp=None, resource_owner_secret=****, decoding=None, verifier=None, signature_type=AUTH_HEADER, rsa_key=None, resource_owner_key=1643363726-ckeI51IwJChIhzvzLoXwqMJtv7f9O6jywmRa3cn, client_secret=****, callback_uri=None, client_key=uSTJqwwg4bafY8UBm981Q0UC4>
2016-08-01 02:21:26,852 - requests_oauthlib.oauth1_auth - DEBUG - Including body in call to sign: True
2016-08-01 02:21:26,854 - oauthlib.oauth1.rfc5849 - DEBUG - Collected params: [(u'delimited', u'length'), (u'oauth_nonce', u'184439226523810828431470018086'), (u'oauth_timestamp', u'1470018086'), (u'oauth_consumer_key', u'uSTJqwwg4bafY8UBm981Q0UC4'), (u'oauth_signature_method', u'HMAC-SHA1'), (u'oauth_version', u'1.0'), (u'oauth_token', u'1643363726-ckeI51IwJChIhzvzLoXwqMJtv7f9O6jywmRa3cn'), (u'track', u'a,the,i,you,u'), (u'language', u'en')]
2016-08-01 02:21:26,855 - oauthlib.oauth1.rfc5849 - DEBUG - Normalized params: delimited=length&language=en&oauth_consumer_key=uSTJqwwg4bafY8UBm981Q0UC4&oauth_nonce=184439226523810828431470018086&oauth_signature_method=HMAC-SHA1&oauth_timestamp=1470018086&oauth_token=1643363726-ckeI51IwJChIhzvzLoXwqMJtv7f9O6jywmRa3cn&oauth_version=1.0&track=a%2Cthe%2Ci%2Cyou%2Cu
2016-08-01 02:21:26,855 - oauthlib.oauth1.rfc5849 - DEBUG - Normalized URI: https://stream.twitter.com/1.1/statuses/filter.json
2016-08-01 02:21:26,855 - oauthlib.oauth1.rfc5849 - DEBUG - Base signing string: POST&https%3A%2F%2Fstream.twitter.com%2F1.1%2Fstatuses%2Ffilter.json&delimited%3Dlength%26language%3Den%26oauth_consumer_key%3DuSTJqwwg4bafY8UBm981Q0UC4%26oauth_nonce%3D184439226523810828431470018086%26oauth_signature_method%3DHMAC-SHA1%26oauth_timestamp%3D1470018086%26oauth_token%3D1643363726-ckeI51IwJChIhzvzLoXwqMJtv7f9O6jywmRa3cn%26oauth_version%3D1.0%26track%3Da%252Cthe%252Ci%252Cyou%252Cu
2016-08-01 02:21:26,855 - oauthlib.oauth1.rfc5849 - DEBUG - Signature: BaoYQbLPiL621yf7cTrKICuLDcA=
2016-08-01 02:21:26,856 - requests_oauthlib.oauth1_auth - DEBUG - Updated url: https://stream.twitter.com/1.1/statuses/filter.json?delimited=length
2016-08-01 02:21:26,856 - requests_oauthlib.oauth1_auth - DEBUG - Updated headers: {u'Content-Length': u'39', u'Content-Type': u'application/x-www-form-urlencoded', u'Authorization': u'OAuth oauth_nonce="184439226523810828431470018086", oauth_timestamp="1470018086", oauth_version="1.0", oauth_signature_method="HMAC-SHA1", oauth_consumer_key="uSTJqwwg4bafY8UBm981Q0UC4", oauth_token="1643363726-ckeI51IwJChIhzvzLoXwqMJtv7f9O6jywmRa3cn", oauth_signature="BaoYQbLPiL621yf7cTrKICuLDcA%3D"'}
2016-08-01 02:21:26,856 - requests_oauthlib.oauth1_auth - DEBUG - Updated body: u'track=a%2Cthe%2Ci%2Cyou%2Cu&language=en'
2016-08-01 02:21:26,858 - requests.packages.urllib3.connectionpool - INFO - Starting new HTTPS connection (1): stream.twitter.com
2016-08-01 02:21:26,963 - requests.packages.urllib3.connectionpool - DEBUG - "POST /1.1/statuses/filter.json?delimited=length HTTP/1.1" 420 36
2016-08-01 02:22:27,025 - requests_oauthlib.oauth1_auth - DEBUG - Signing request <PreparedRequest [POST]> using client <Client nonce=None, signature_method=HMAC-SHA1, realm=None, encoding=utf-8, timestamp=None, resource_owner_secret=****, decoding=None, verifier=None, signature_type=AUTH_HEADER, rsa_key=None, resource_owner_key=1643363726-ckeI51IwJChIhzvzLoXwqMJtv7f9O6jywmRa3cn, client_secret=****, callback_uri=None, client_key=uSTJqwwg4bafY8UBm981Q0UC4>
2016-08-01 02:22:27,025 - requests_oauthlib.oauth1_auth - DEBUG - Including body in call to sign: True
2016-08-01 02:22:27,027 - oauthlib.oauth1.rfc5849 - DEBUG - Collected params: [(u'delimited', u'length'), (u'oauth_nonce', u'33291331344160713171470018147'), (u'oauth_timestamp', u'1470018147'), (u'oauth_consumer_key', u'uSTJqwwg4bafY8UBm981Q0UC4'), (u'oauth_signature_method', u'HMAC-SHA1'), (u'oauth_version', u'1.0'), (u'oauth_token', u'1643363726-ckeI51IwJChIhzvzLoXwqMJtv7f9O6jywmRa3cn'), (u'track', u'a,the,i,you,u'), (u'language', u'en')]
2016-08-01 02:22:27,027 - oauthlib.oauth1.rfc5849 - DEBUG - Normalized params: delimited=length&language=en&oauth_consumer_key=uSTJqwwg4bafY8UBm981Q0UC4&oauth_nonce=33291331344160713171470018147&oauth_signature_method=HMAC-SHA1&oauth_timestamp=1470018147&oauth_token=1643363726-ckeI51IwJChIhzvzLoXwqMJtv7f9O6jywmRa3cn&oauth_version=1.0&track=a%2Cthe%2Ci%2Cyou%2Cu
2016-08-01 02:22:27,028 - oauthlib.oauth1.rfc5849 - DEBUG - Normalized URI: https://stream.twitter.com/1.1/statuses/filter.json
2016-08-01 02:22:27,028 - oauthlib.oauth1.rfc5849 - DEBUG - Base signing string: POST&https%3A%2F%2Fstream.twitter.com%2F1.1%2Fstatuses%2Ffilter.json&delimited%3Dlength%26language%3Den%26oauth_consumer_key%3DuSTJqwwg4bafY8UBm981Q0UC4%26oauth_nonce%3D33291331344160713171470018147%26oauth_signature_method%3DHMAC-SHA1%26oauth_timestamp%3D1470018147%26oauth_token%3D1643363726-ckeI51IwJChIhzvzLoXwqMJtv7f9O6jywmRa3cn%26oauth_version%3D1.0%26track%3Da%252Cthe%252Ci%252Cyou%252Cu
2016-08-01 02:22:27,028 - oauthlib.oauth1.rfc5849 - DEBUG - Signature: aLvl7XP3Cz7nk39yHz/Xlr1wMoE=
2016-08-01 02:22:27,029 - requests_oauthlib.oauth1_auth - DEBUG - Updated url: https://stream.twitter.com/1.1/statuses/filter.json?delimited=length
2016-08-01 02:22:27,029 - requests_oauthlib.oauth1_auth - DEBUG - Updated headers: {u'Content-Length': u'39', u'Content-Type': u'application/x-www-form-urlencoded', u'Authorization': u'OAuth oauth_nonce="33291331344160713171470018147", oauth_timestamp="1470018147", oauth_version="1.0", oauth_signature_method="HMAC-SHA1", oauth_consumer_key="uSTJqwwg4bafY8UBm981Q0UC4", oauth_token="1643363726-ckeI51IwJChIhzvzLoXwqMJtv7f9O6jywmRa3cn", oauth_signature="aLvl7XP3Cz7nk39yHz%2FXlr1wMoE%3D"'}
2016-08-01 02:22:27,029 - requests_oauthlib.oauth1_auth - DEBUG - Updated body: u'track=a%2Cthe%2Ci%2Cyou%2Cu&language=en'
2016-08-01 02:22:27,030 - requests.packages.urllib3.connectionpool - INFO - Starting new HTTPS connection (2): stream.twitter.com
2016-08-01 02:22:27,239 - requests.packages.urllib3.connectionpool - DEBUG - "POST /1.1/statuses/filter.json?delimited=length HTTP/1.1" 420 36
2016-08-01 02:24:27,343 - requests_oauthlib.oauth1_auth - DEBUG - Signing request <PreparedRequest [POST]> using client <Client nonce=None, signature_method=HMAC-SHA1, realm=None, encoding=utf-8, timestamp=None, resource_owner_secret=****, decoding=None, verifier=None, signature_type=AUTH_HEADER, rsa_key=None, resource_owner_key=1643363726-ckeI51IwJChIhzvzLoXwqMJtv7f9O6jywmRa3cn, client_secret=****, callback_uri=None, client_key=uSTJqwwg4bafY8UBm981Q0UC4>
2016-08-01 02:24:27,344 - requests_oauthlib.oauth1_auth - DEBUG - Including body in call to sign: True
2016-08-01 02:24:27,345 - oauthlib.oauth1.rfc5849 - DEBUG - Collected params: [(u'delimited', u'length'), (u'oauth_nonce', u'71077932440674139471470018267'), (u'oauth_timestamp', u'1470018267'), (u'oauth_consumer_key', u'uSTJqwwg4bafY8UBm981Q0UC4'), (u'oauth_signature_method', u'HMAC-SHA1'), (u'oauth_version', u'1.0'), (u'oauth_token', u'1643363726-ckeI51IwJChIhzvzLoXwqMJtv7f9O6jywmRa3cn'), (u'track', u'a,the,i,you,u'), (u'language', u'en')]
2016-08-01 02:24:27,346 - oauthlib.oauth1.rfc5849 - DEBUG - Normalized params: delimited=length&language=en&oauth_consumer_key=uSTJqwwg4bafY8UBm981Q0UC4&oauth_nonce=71077932440674139471470018267&oauth_signature_method=HMAC-SHA1&oauth_timestamp=1470018267&oauth_token=1643363726-ckeI51IwJChIhzvzLoXwqMJtv7f9O6jywmRa3cn&oauth_version=1.0&track=a%2Cthe%2Ci%2Cyou%2Cu
2016-08-01 02:24:27,346 - oauthlib.oauth1.rfc5849 - DEBUG - Normalized URI: https://stream.twitter.com/1.1/statuses/filter.json
2016-08-01 02:24:27,347 - oauthlib.oauth1.rfc5849 - DEBUG - Base signing string: POST&https%3A%2F%2Fstream.twitter.com%2F1.1%2Fstatuses%2Ffilter.json&delimited%3Dlength%26language%3Den%26oauth_consumer_key%3DuSTJqwwg4bafY8UBm981Q0UC4%26oauth_nonce%3D71077932440674139471470018267%26oauth_signature_method%3DHMAC-SHA1%26oauth_timestamp%3D1470018267%26oauth_token%3D1643363726-ckeI51IwJChIhzvzLoXwqMJtv7f9O6jywmRa3cn%26oauth_version%3D1.0%26track%3Da%252Cthe%252Ci%252Cyou%252Cu
2016-08-01 02:24:27,347 - oauthlib.oauth1.rfc5849 - DEBUG - Signature: PK6WDuasoZLS9scY8TxMCFVvEek=
2016-08-01 02:24:27,348 - requests_oauthlib.oauth1_auth - DEBUG - Updated url: https://stream.twitter.com/1.1/statuses/filter.json?delimited=length
2016-08-01 02:24:27,348 - requests_oauthlib.oauth1_auth - DEBUG - Updated headers: {u'Content-Length': u'39', u'Content-Type': u'application/x-www-form-urlencoded', u'Authorization': u'OAuth oauth_nonce="71077932440674139471470018267", oauth_timestamp="1470018267", oauth_version="1.0", oauth_signature_method="HMAC-SHA1", oauth_consumer_key="uSTJqwwg4bafY8UBm981Q0UC4", oauth_token="1643363726-ckeI51IwJChIhzvzLoXwqMJtv7f9O6jywmRa3cn", oauth_signature="PK6WDuasoZLS9scY8TxMCFVvEek%3D"'}
2016-08-01 02:24:27,348 - requests_oauthlib.oauth1_auth - DEBUG - Updated body: u'track=a%2Cthe%2Ci%2Cyou%2Cu&language=en'
2016-08-01 02:24:27,349 - requests.packages.urllib3.connectionpool - INFO - Starting new HTTPS connection (3): stream.twitter.com
2016-08-01 02:24:27,465 - requests.packages.urllib3.connectionpool - DEBUG - "POST /1.1/statuses/filter.json?delimited=length HTTP/1.1" 420 36
2016-08-01 02:28:27,569 - requests_oauthlib.oauth1_auth - DEBUG - Signing request <PreparedRequest [POST]> using client <Client nonce=None, signature_method=HMAC-SHA1, realm=None, encoding=utf-8, timestamp=None, resource_owner_secret=****, decoding=None, verifier=None, signature_type=AUTH_HEADER, rsa_key=None, resource_owner_key=1643363726-ckeI51IwJChIhzvzLoXwqMJtv7f9O6jywmRa3cn, client_secret=****, callback_uri=None, client_key=uSTJqwwg4bafY8UBm981Q0UC4>
2016-08-01 02:28:27,569 - requests_oauthlib.oauth1_auth - DEBUG - Including body in call to sign: True
2016-08-01 02:28:27,570 - oauthlib.oauth1.rfc5849 - DEBUG - Collected params: [(u'delimited', u'length'), (u'oauth_nonce', u'184445486895329458201470018507'), (u'oauth_timestamp', u'1470018507'), (u'oauth_consumer_key', u'uSTJqwwg4bafY8UBm981Q0UC4'), (u'oauth_signature_method', u'HMAC-SHA1'), (u'oauth_version', u'1.0'), (u'oauth_token', u'1643363726-ckeI51IwJChIhzvzLoXwqMJtv7f9O6jywmRa3cn'), (u'track', u'a,the,i,you,u'), (u'language', u'en')]
2016-08-01 02:28:27,571 - oauthlib.oauth1.rfc5849 - DEBUG - Normalized params: delimited=length&language=en&oauth_consumer_key=uSTJqwwg4bafY8UBm981Q0UC4&oauth_nonce=184445486895329458201470018507&oauth_signature_method=HMAC-SHA1&oauth_timestamp=1470018507&oauth_token=1643363726-ckeI51IwJChIhzvzLoXwqMJtv7f9O6jywmRa3cn&oauth_version=1.0&track=a%2Cthe%2Ci%2Cyou%2Cu
2016-08-01 02:28:27,571 - oauthlib.oauth1.rfc5849 - DEBUG - Normalized URI: https://stream.twitter.com/1.1/statuses/filter.json
2016-08-01 02:28:27,571 - oauthlib.oauth1.rfc5849 - DEBUG - Base signing string: POST&https%3A%2F%2Fstream.twitter.com%2F1.1%2Fstatuses%2Ffilter.json&delimited%3Dlength%26language%3Den%26oauth_consumer_key%3DuSTJqwwg4bafY8UBm981Q0UC4%26oauth_nonce%3D184445486895329458201470018507%26oauth_signature_method%3DHMAC-SHA1%26oauth_timestamp%3D1470018507%26oauth_token%3D1643363726-ckeI51IwJChIhzvzLoXwqMJtv7f9O6jywmRa3cn%26oauth_version%3D1.0%26track%3Da%252Cthe%252Ci%252Cyou%252Cu
2016-08-01 02:28:27,571 - oauthlib.oauth1.rfc5849 - DEBUG - Signature: xEmcsAsl0mBDm36EgYX33vgkPTw=
2016-08-01 02:28:27,572 - requests_oauthlib.oauth1_auth - DEBUG - Updated url: https://stream.twitter.com/1.1/statuses/filter.json?delimited=length
2016-08-01 02:28:27,572 - requests_oauthlib.oauth1_auth - DEBUG - Updated headers: {u'Content-Length': u'39', u'Content-Type': u'application/x-www-form-urlencoded', u'Authorization': u'OAuth oauth_nonce="184445486895329458201470018507", oauth_timestamp="1470018507", oauth_version="1.0", oauth_signature_method="HMAC-SHA1", oauth_consumer_key="uSTJqwwg4bafY8UBm981Q0UC4", oauth_token="1643363726-ckeI51IwJChIhzvzLoXwqMJtv7f9O6jywmRa3cn", oauth_signature="xEmcsAsl0mBDm36EgYX33vgkPTw%3D"'}
2016-08-01 02:28:27,572 - requests_oauthlib.oauth1_auth - DEBUG - Updated body: u'track=a%2Cthe%2Ci%2Cyou%2Cu&language=en'
2016-08-01 02:28:27,573 - requests.packages.urllib3.connectionpool - INFO - Starting new HTTPS connection (4): stream.twitter.com
2016-08-01 02:28:27,785 - requests.packages.urllib3.connectionpool - DEBUG - "POST /1.1/statuses/filter.json?delimited=length HTTP/1.1" 420 36
2016-08-01 02:33:47,889 - requests_oauthlib.oauth1_auth - DEBUG - Signing request <PreparedRequest [POST]> using client <Client nonce=None, signature_method=HMAC-SHA1, realm=None, encoding=utf-8, timestamp=None, resource_owner_secret=****, decoding=None, verifier=None, signature_type=AUTH_HEADER, rsa_key=None, resource_owner_key=1643363726-ckeI51IwJChIhzvzLoXwqMJtv7f9O6jywmRa3cn, client_secret=****, callback_uri=None, client_key=uSTJqwwg4bafY8UBm981Q0UC4>
2016-08-01 02:33:47,889 - requests_oauthlib.oauth1_auth - DEBUG - Including body in call to sign: True
2016-08-01 02:33:47,890 - oauthlib.oauth1.rfc5849 - DEBUG - Collected params: [(u'delimited', u'length'), (u'oauth_nonce', u'153179291708443082611470018827'), (u'oauth_timestamp', u'1470018827'), (u'oauth_consumer_key', u'uSTJqwwg4bafY8UBm981Q0UC4'), (u'oauth_signature_method', u'HMAC-SHA1'), (u'oauth_version', u'1.0'), (u'oauth_token', u'1643363726-ckeI51IwJChIhzvzLoXwqMJtv7f9O6jywmRa3cn'), (u'track', u'a,the,i,you,u'), (u'language', u'en')]
2016-08-01 02:33:47,891 - oauthlib.oauth1.rfc5849 - DEBUG - Normalized params: delimited=length&language=en&oauth_consumer_key=uSTJqwwg4bafY8UBm981Q0UC4&oauth_nonce=153179291708443082611470018827&oauth_signature_method=HMAC-SHA1&oauth_timestamp=1470018827&oauth_token=1643363726-ckeI51IwJChIhzvzLoXwqMJtv7f9O6jywmRa3cn&oauth_version=1.0&track=a%2Cthe%2Ci%2Cyou%2Cu
2016-08-01 02:33:47,891 - oauthlib.oauth1.rfc5849 - DEBUG - Normalized URI: https://stream.twitter.com/1.1/statuses/filter.json
2016-08-01 02:33:47,891 - oauthlib.oauth1.rfc5849 - DEBUG - Base signing string: POST&https%3A%2F%2Fstream.twitter.com%2F1.1%2Fstatuses%2Ffilter.json&delimited%3Dlength%26language%3Den%26oauth_consumer_key%3DuSTJqwwg4bafY8UBm981Q0UC4%26oauth_nonce%3D153179291708443082611470018827%26oauth_signature_method%3DHMAC-SHA1%26oauth_timestamp%3D1470018827%26oauth_token%3D1643363726-ckeI51IwJChIhzvzLoXwqMJtv7f9O6jywmRa3cn%26oauth_version%3D1.0%26track%3Da%252Cthe%252Ci%252Cyou%252Cu
2016-08-01 02:33:47,892 - oauthlib.oauth1.rfc5849 - DEBUG - Signature: G7MNrgME51RlQaE3bVKUhtFpVXo=
2016-08-01 02:33:47,892 - requests_oauthlib.oauth1_auth - DEBUG - Updated url: https://stream.twitter.com/1.1/statuses/filter.json?delimited=length
2016-08-01 02:33:47,892 - requests_oauthlib.oauth1_auth - DEBUG - Updated headers: {u'Content-Length': u'39', u'Content-Type': u'application/x-www-form-urlencoded', u'Authorization': u'OAuth oauth_nonce="153179291708443082611470018827", oauth_timestamp="1470018827", oauth_version="1.0", oauth_signature_method="HMAC-SHA1", oauth_consumer_key="uSTJqwwg4bafY8UBm981Q0UC4", oauth_token="1643363726-ckeI51IwJChIhzvzLoXwqMJtv7f9O6jywmRa3cn", oauth_signature="G7MNrgME51RlQaE3bVKUhtFpVXo%3D"'}
2016-08-01 02:33:47,893 - requests_oauthlib.oauth1_auth - DEBUG - Updated body: u'track=a%2Cthe%2Ci%2Cyou%2Cu&language=en'
2016-08-01 02:33:47,894 - requests.packages.urllib3.connectionpool - INFO - Starting new HTTPS connection (5): stream.twitter.com
2016-08-01 02:33:48,194 - requests.packages.urllib3.connectionpool - DEBUG - "POST /1.1/statuses/filter.json?delimited=length HTTP/1.1" 420 36
2016-08-01 02:39:08,299 - requests_oauthlib.oauth1_auth - DEBUG - Signing request <PreparedRequest [POST]> using client <Client nonce=None, signature_method=HMAC-SHA1, realm=None, encoding=utf-8, timestamp=None, resource_owner_secret=****, decoding=None, verifier=None, signature_type=AUTH_HEADER, rsa_key=None, resource_owner_key=1643363726-ckeI51IwJChIhzvzLoXwqMJtv7f9O6jywmRa3cn, client_secret=****, callback_uri=None, client_key=uSTJqwwg4bafY8UBm981Q0UC4>
2016-08-01 02:39:08,299 - requests_oauthlib.oauth1_auth - DEBUG - Including body in call to sign: True
2016-08-01 02:39:08,301 - oauthlib.oauth1.rfc5849 - DEBUG - Collected params: [(u'delimited', u'length'), (u'oauth_nonce', u'166092664060318962221470019148'), (u'oauth_timestamp', u'1470019148'), (u'oauth_consumer_key', u'uSTJqwwg4bafY8UBm981Q0UC4'), (u'oauth_signature_method', u'HMAC-SHA1'), (u'oauth_version', u'1.0'), (u'oauth_token', u'1643363726-ckeI51IwJChIhzvzLoXwqMJtv7f9O6jywmRa3cn'), (u'track', u'a,the,i,you,u'), (u'language', u'en')]
2016-08-01 02:39:08,301 - oauthlib.oauth1.rfc5849 - DEBUG - Normalized params: delimited=length&language=en&oauth_consumer_key=uSTJqwwg4bafY8UBm981Q0UC4&oauth_nonce=166092664060318962221470019148&oauth_signature_method=HMAC-SHA1&oauth_timestamp=1470019148&oauth_token=1643363726-ckeI51IwJChIhzvzLoXwqMJtv7f9O6jywmRa3cn&oauth_version=1.0&track=a%2Cthe%2Ci%2Cyou%2Cu
2016-08-01 02:39:08,301 - oauthlib.oauth1.rfc5849 - DEBUG - Normalized URI: https://stream.twitter.com/1.1/statuses/filter.json
2016-08-01 02:39:08,302 - oauthlib.oauth1.rfc5849 - DEBUG - Base signing string: POST&https%3A%2F%2Fstream.twitter.com%2F1.1%2Fstatuses%2Ffilter.json&delimited%3Dlength%26language%3Den%26oauth_consumer_key%3DuSTJqwwg4bafY8UBm981Q0UC4%26oauth_nonce%3D166092664060318962221470019148%26oauth_signature_method%3DHMAC-SHA1%26oauth_timestamp%3D1470019148%26oauth_token%3D1643363726-ckeI51IwJChIhzvzLoXwqMJtv7f9O6jywmRa3cn%26oauth_version%3D1.0%26track%3Da%252Cthe%252Ci%252Cyou%252Cu
2016-08-01 02:39:08,302 - oauthlib.oauth1.rfc5849 - DEBUG - Signature: UH8dx99Q7ZOgLXj4htWzv3cYJd4=
2016-08-01 02:39:08,302 - requests_oauthlib.oauth1_auth - DEBUG - Updated url: https://stream.twitter.com/1.1/statuses/filter.json?delimited=length
2016-08-01 02:39:08,302 - requests_oauthlib.oauth1_auth - DEBUG - Updated headers: {u'Content-Length': u'39', u'Content-Type': u'application/x-www-form-urlencoded', u'Authorization': u'OAuth oauth_nonce="166092664060318962221470019148", oauth_timestamp="1470019148", oauth_version="1.0", oauth_signature_method="HMAC-SHA1", oauth_consumer_key="uSTJqwwg4bafY8UBm981Q0UC4", oauth_token="1643363726-ckeI51IwJChIhzvzLoXwqMJtv7f9O6jywmRa3cn", oauth_signature="UH8dx99Q7ZOgLXj4htWzv3cYJd4%3D"'}
2016-08-01 02:39:08,303 - requests_oauthlib.oauth1_auth - DEBUG - Updated body: u'track=a%2Cthe%2Ci%2Cyou%2Cu&language=en'
2016-08-01 02:39:08,303 - requests.packages.urllib3.connectionpool - INFO - Starting new HTTPS connection (6): stream.twitter.com
2016-08-01 02:39:08,421 - requests.packages.urllib3.connectionpool - DEBUG - "POST /1.1/statuses/filter.json?delimited=length HTTP/1.1" 200 None
