2016-07-31 21:13:38,430 - requests_oauthlib.oauth1_auth - DEBUG - Signing request <PreparedRequest [POST]> using client <Client nonce=None, signature_method=HMAC-SHA1, realm=None, encoding=utf-8, timestamp=None, resource_owner_secret=****, decoding=None, verifier=None, signature_type=AUTH_HEADER, rsa_key=None, resource_owner_key=1643363726-ckeI51IwJChIhzvzLoXwqMJtv7f9O6jywmRa3cn, client_secret=****, callback_uri=None, client_key=uSTJqwwg4bafY8UBm981Q0UC4>
2016-07-31 21:13:38,432 - requests_oauthlib.oauth1_auth - DEBUG - Including body in call to sign: True
2016-07-31 21:13:38,434 - oauthlib.oauth1.rfc5849 - DEBUG - Collected params: [(u'delimited', u'length'), (u'oauth_nonce', u'95946561123905001381469999618'), (u'oauth_timestamp', u'1469999618'), (u'oauth_consumer_key', u'uSTJqwwg4bafY8UBm981Q0UC4'), (u'oauth_signature_method', u'HMAC-SHA1'), (u'oauth_version', u'1.0'), (u'oauth_token', u'1643363726-ckeI51IwJChIhzvzLoXwqMJtv7f9O6jywmRa3cn'), (u'track', u'a,the,i,you,u'), (u'language', u'en')]
2016-07-31 21:13:38,434 - oauthlib.oauth1.rfc5849 - DEBUG - Normalized params: delimited=length&language=en&oauth_consumer_key=uSTJqwwg4bafY8UBm981Q0UC4&oauth_nonce=95946561123905001381469999618&oauth_signature_method=HMAC-SHA1&oauth_timestamp=1469999618&oauth_token=1643363726-ckeI51IwJChIhzvzLoXwqMJtv7f9O6jywmRa3cn&oauth_version=1.0&track=a%2Cthe%2Ci%2Cyou%2Cu
2016-07-31 21:13:38,434 - oauthlib.oauth1.rfc5849 - DEBUG - Normalized URI: https://stream.twitter.com/1.1/statuses/filter.json
2016-07-31 21:13:38,435 - oauthlib.oauth1.rfc5849 - DEBUG - Base signing string: POST&https%3A%2F%2Fstream.twitter.com%2F1.1%2Fstatuses%2Ffilter.json&delimited%3Dlength%26language%3Den%26oauth_consumer_key%3DuSTJqwwg4bafY8UBm981Q0UC4%26oauth_nonce%3D95946561123905001381469999618%26oauth_signature_method%3DHMAC-SHA1%26oauth_timestamp%3D1469999618%26oauth_token%3D1643363726-ckeI51IwJChIhzvzLoXwqMJtv7f9O6jywmRa3cn%26oauth_version%3D1.0%26track%3Da%252Cthe%252Ci%252Cyou%252Cu
2016-07-31 21:13:38,435 - oauthlib.oauth1.rfc5849 - DEBUG - Signature: AVqOLRW7YXzo1uNvSGonG0Egc8Q=
2016-07-31 21:13:38,435 - requests_oauthlib.oauth1_auth - DEBUG - Updated url: https://stream.twitter.com/1.1/statuses/filter.json?delimited=length
2016-07-31 21:13:38,436 - requests_oauthlib.oauth1_auth - DEBUG - Updated headers: {u'Content-Length': u'39', u'Content-Type': u'application/x-www-form-urlencoded', u'Authorization': u'OAuth oauth_nonce="95946561123905001381469999618", oauth_timestamp="1469999618", oauth_version="1.0", oauth_signature_method="HMAC-SHA1", oauth_consumer_key="uSTJqwwg4bafY8UBm981Q0UC4", oauth_token="1643363726-ckeI51IwJChIhzvzLoXwqMJtv7f9O6jywmRa3cn", oauth_signature="AVqOLRW7YXzo1uNvSGonG0Egc8Q%3D"'}
2016-07-31 21:13:38,436 - requests_oauthlib.oauth1_auth - DEBUG - Updated body: u'track=a%2Cthe%2Ci%2Cyou%2Cu&language=en'
2016-07-31 21:13:38,442 - requests.packages.urllib3.connectionpool - INFO - Starting new HTTPS connection (1): stream.twitter.com
2016-07-31 21:13:38,759 - requests.packages.urllib3.connectionpool - DEBUG - "POST /1.1/statuses/filter.json?delimited=length HTTP/1.1" 420 36
2016-07-31 21:14:38,821 - requests_oauthlib.oauth1_auth - DEBUG - Signing request <PreparedRequest [POST]> using client <Client nonce=None, signature_method=HMAC-SHA1, realm=None, encoding=utf-8, timestamp=None, resource_owner_secret=****, decoding=None, verifier=None, signature_type=AUTH_HEADER, rsa_key=None, resource_owner_key=1643363726-ckeI51IwJChIhzvzLoXwqMJtv7f9O6jywmRa3cn, client_secret=****, callback_uri=None, client_key=uSTJqwwg4bafY8UBm981Q0UC4>
2016-07-31 21:14:38,821 - requests_oauthlib.oauth1_auth - DEBUG - Including body in call to sign: True
2016-07-31 21:14:38,822 - oauthlib.oauth1.rfc5849 - DEBUG - Collected params: [(u'delimited', u'length'), (u'oauth_nonce', u'161807400526973778321469999678'), (u'oauth_timestamp', u'1469999678'), (u'oauth_consumer_key', u'uSTJqwwg4bafY8UBm981Q0UC4'), (u'oauth_signature_method', u'HMAC-SHA1'), (u'oauth_version', u'1.0'), (u'oauth_token', u'1643363726-ckeI51IwJChIhzvzLoXwqMJtv7f9O6jywmRa3cn'), (u'track', u'a,the,i,you,u'), (u'language', u'en')]
2016-07-31 21:14:38,823 - oauthlib.oauth1.rfc5849 - DEBUG - Normalized params: delimited=length&language=en&oauth_consumer_key=uSTJqwwg4bafY8UBm981Q0UC4&oauth_nonce=161807400526973778321469999678&oauth_signature_method=HMAC-SHA1&oauth_timestamp=1469999678&oauth_token=1643363726-ckeI51IwJChIhzvzLoXwqMJtv7f9O6jywmRa3cn&oauth_version=1.0&track=a%2Cthe%2Ci%2Cyou%2Cu
2016-07-31 21:14:38,823 - oauthlib.oauth1.rfc5849 - DEBUG - Normalized URI: https://stream.twitter.com/1.1/statuses/filter.json
2016-07-31 21:14:38,824 - oauthlib.oauth1.rfc5849 - DEBUG - Base signing string: POST&https%3A%2F%2Fstream.twitter.com%2F1.1%2Fstatuses%2Ffilter.json&delimited%3Dlength%26language%3Den%26oauth_consumer_key%3DuSTJqwwg4bafY8UBm981Q0UC4%26oauth_nonce%3D161807400526973778321469999678%26oauth_signature_method%3DHMAC-SHA1%26oauth_timestamp%3D1469999678%26oauth_token%3D1643363726-ckeI51IwJChIhzvzLoXwqMJtv7f9O6jywmRa3cn%26oauth_version%3D1.0%26track%3Da%252Cthe%252Ci%252Cyou%252Cu
2016-07-31 21:14:38,824 - oauthlib.oauth1.rfc5849 - DEBUG - Signature: UGEFq+HaTW+jLLDZ4BpXlcYX0GU=
2016-07-31 21:14:38,824 - requests_oauthlib.oauth1_auth - DEBUG - Updated url: https://stream.twitter.com/1.1/statuses/filter.json?delimited=length
2016-07-31 21:14:38,825 - requests_oauthlib.oauth1_auth - DEBUG - Updated headers: {u'Content-Length': u'39', u'Content-Type': u'application/x-www-form-urlencoded', u'Authorization': u'OAuth oauth_nonce="161807400526973778321469999678", oauth_timestamp="1469999678", oauth_version="1.0", oauth_signature_method="HMAC-SHA1", oauth_consumer_key="uSTJqwwg4bafY8UBm981Q0UC4", oauth_token="1643363726-ckeI51IwJChIhzvzLoXwqMJtv7f9O6jywmRa3cn", oauth_signature="UGEFq%2BHaTW%2BjLLDZ4BpXlcYX0GU%3D"'}
2016-07-31 21:14:38,825 - requests_oauthlib.oauth1_auth - DEBUG - Updated body: u'track=a%2Cthe%2Ci%2Cyou%2Cu&language=en'
2016-07-31 21:14:38,826 - requests.packages.urllib3.connectionpool - INFO - Starting new HTTPS connection (2): stream.twitter.com
2016-07-31 21:14:39,063 - requests.packages.urllib3.connectionpool - DEBUG - "POST /1.1/statuses/filter.json?delimited=length HTTP/1.1" 420 36
2016-07-31 21:16:39,120 - requests_oauthlib.oauth1_auth - DEBUG - Signing request <PreparedRequest [POST]> using client <Client nonce=None, signature_method=HMAC-SHA1, realm=None, encoding=utf-8, timestamp=None, resource_owner_secret=****, decoding=None, verifier=None, signature_type=AUTH_HEADER, rsa_key=None, resource_owner_key=1643363726-ckeI51IwJChIhzvzLoXwqMJtv7f9O6jywmRa3cn, client_secret=****, callback_uri=None, client_key=uSTJqwwg4bafY8UBm981Q0UC4>
2016-07-31 21:16:39,120 - requests_oauthlib.oauth1_auth - DEBUG - Including body in call to sign: True
2016-07-31 21:16:39,121 - oauthlib.oauth1.rfc5849 - DEBUG - Collected params: [(u'delimited', u'length'), (u'oauth_nonce', u'154360060828554978351469999799'), (u'oauth_timestamp', u'1469999799'), (u'oauth_consumer_key', u'uSTJqwwg4bafY8UBm981Q0UC4'), (u'oauth_signature_method', u'HMAC-SHA1'), (u'oauth_version', u'1.0'), (u'oauth_token', u'1643363726-ckeI51IwJChIhzvzLoXwqMJtv7f9O6jywmRa3cn'), (u'track', u'a,the,i,you,u'), (u'language', u'en')]
2016-07-31 21:16:39,121 - oauthlib.oauth1.rfc5849 - DEBUG - Normalized params: delimited=length&language=en&oauth_consumer_key=uSTJqwwg4bafY8UBm981Q0UC4&oauth_nonce=154360060828554978351469999799&oauth_signature_method=HMAC-SHA1&oauth_timestamp=1469999799&oauth_token=1643363726-ckeI51IwJChIhzvzLoXwqMJtv7f9O6jywmRa3cn&oauth_version=1.0&track=a%2Cthe%2Ci%2Cyou%2Cu
2016-07-31 21:16:39,121 - oauthlib.oauth1.rfc5849 - DEBUG - Normalized URI: https://stream.twitter.com/1.1/statuses/filter.json
2016-07-31 21:16:39,121 - oauthlib.oauth1.rfc5849 - DEBUG - Base signing string: POST&https%3A%2F%2Fstream.twitter.com%2F1.1%2Fstatuses%2Ffilter.json&delimited%3Dlength%26language%3Den%26oauth_consumer_key%3DuSTJqwwg4bafY8UBm981Q0UC4%26oauth_nonce%3D154360060828554978351469999799%26oauth_signature_method%3DHMAC-SHA1%26oauth_timestamp%3D1469999799%26oauth_token%3D1643363726-ckeI51IwJChIhzvzLoXwqMJtv7f9O6jywmRa3cn%26oauth_version%3D1.0%26track%3Da%252Cthe%252Ci%252Cyou%252Cu
2016-07-31 21:16:39,121 - oauthlib.oauth1.rfc5849 - DEBUG - Signature: ULL/tqjczkNtki64K83A57Vk01c=
2016-07-31 21:16:39,122 - requests_oauthlib.oauth1_auth - DEBUG - Updated url: https://stream.twitter.com/1.1/statuses/filter.json?delimited=length
2016-07-31 21:16:39,122 - requests_oauthlib.oauth1_auth - DEBUG - Updated headers: {u'Content-Length': u'39', u'Content-Type': u'application/x-www-form-urlencoded', u'Authorization': u'OAuth oauth_nonce="154360060828554978351469999799", oauth_timestamp="1469999799", oauth_version="1.0", oauth_signature_method="HMAC-SHA1", oauth_consumer_key="uSTJqwwg4bafY8UBm981Q0UC4", oauth_token="1643363726-ckeI51IwJChIhzvzLoXwqMJtv7f9O6jywmRa3cn", oauth_signature="ULL%2FtqjczkNtki64K83A57Vk01c%3D"'}
2016-07-31 21:16:39,122 - requests_oauthlib.oauth1_auth - DEBUG - Updated body: u'track=a%2Cthe%2Ci%2Cyou%2Cu&language=en'
2016-07-31 21:16:39,122 - requests.packages.urllib3.connectionpool - INFO - Starting new HTTPS connection (3): stream.twitter.com
2016-07-31 21:16:39,252 - requests.packages.urllib3.connectionpool - DEBUG - "POST /1.1/statuses/filter.json?delimited=length HTTP/1.1" 200 None
