2016-07-31 23:08:10,996 - requests_oauthlib.oauth1_auth - DEBUG - Signing request <PreparedRequest [POST]> using client <Client nonce=None, signature_method=HMAC-SHA1, realm=None, encoding=utf-8, timestamp=None, resource_owner_secret=****, decoding=None, verifier=None, signature_type=AUTH_HEADER, rsa_key=None, resource_owner_key=1643363726-ckeI51IwJChIhzvzLoXwqMJtv7f9O6jywmRa3cn, client_secret=****, callback_uri=None, client_key=uSTJqwwg4bafY8UBm981Q0UC4>
2016-07-31 23:08:10,996 - requests_oauthlib.oauth1_auth - DEBUG - Including body in call to sign: True
2016-07-31 23:08:11,030 - oauthlib.oauth1.rfc5849 - DEBUG - Collected params: [(u'delimited', u'length'), (u'oauth_nonce', u'140699063774440540391470006490'), (u'oauth_timestamp', u'1470006490'), (u'oauth_consumer_key', u'uSTJqwwg4bafY8UBm981Q0UC4'), (u'oauth_signature_method', u'HMAC-SHA1'), (u'oauth_version', u'1.0'), (u'oauth_token', u'1643363726-ckeI51IwJChIhzvzLoXwqMJtv7f9O6jywmRa3cn'), (u'track', u'a,the,i,you,u'), (u'language', u'en')]
2016-07-31 23:08:11,031 - oauthlib.oauth1.rfc5849 - DEBUG - Normalized params: delimited=length&language=en&oauth_consumer_key=uSTJqwwg4bafY8UBm981Q0UC4&oauth_nonce=140699063774440540391470006490&oauth_signature_method=HMAC-SHA1&oauth_timestamp=1470006490&oauth_token=1643363726-ckeI51IwJChIhzvzLoXwqMJtv7f9O6jywmRa3cn&oauth_version=1.0&track=a%2Cthe%2Ci%2Cyou%2Cu
2016-07-31 23:08:11,031 - oauthlib.oauth1.rfc5849 - DEBUG - Normalized URI: https://stream.twitter.com/1.1/statuses/filter.json
2016-07-31 23:08:11,031 - oauthlib.oauth1.rfc5849 - DEBUG - Base signing string: POST&https%3A%2F%2Fstream.twitter.com%2F1.1%2Fstatuses%2Ffilter.json&delimited%3Dlength%26language%3Den%26oauth_consumer_key%3DuSTJqwwg4bafY8UBm981Q0UC4%26oauth_nonce%3D140699063774440540391470006490%26oauth_signature_method%3DHMAC-SHA1%26oauth_timestamp%3D1470006490%26oauth_token%3D1643363726-ckeI51IwJChIhzvzLoXwqMJtv7f9O6jywmRa3cn%26oauth_version%3D1.0%26track%3Da%252Cthe%252Ci%252Cyou%252Cu
2016-07-31 23:08:11,032 - oauthlib.oauth1.rfc5849 - DEBUG - Signature: QaQFkthYeAYaFNl1JZb2tDb5jjU=
2016-07-31 23:08:11,032 - requests_oauthlib.oauth1_auth - DEBUG - Updated url: https://stream.twitter.com/1.1/statuses/filter.json?delimited=length
2016-07-31 23:08:11,032 - requests_oauthlib.oauth1_auth - DEBUG - Updated headers: {u'Content-Length': u'39', u'Content-Type': u'application/x-www-form-urlencoded', u'Authorization': u'OAuth oauth_nonce="140699063774440540391470006490", oauth_timestamp="1470006490", oauth_version="1.0", oauth_signature_method="HMAC-SHA1", oauth_consumer_key="uSTJqwwg4bafY8UBm981Q0UC4", oauth_token="1643363726-ckeI51IwJChIhzvzLoXwqMJtv7f9O6jywmRa3cn", oauth_signature="QaQFkthYeAYaFNl1JZb2tDb5jjU%3D"'}
2016-07-31 23:08:11,033 - requests_oauthlib.oauth1_auth - DEBUG - Updated body: u'track=a%2Cthe%2Ci%2Cyou%2Cu&language=en'
2016-07-31 23:08:11,068 - requests.packages.urllib3.connectionpool - INFO - Starting new HTTPS connection (1): stream.twitter.com
2016-07-31 23:08:11,418 - requests.packages.urllib3.connectionpool - DEBUG - "POST /1.1/statuses/filter.json?delimited=length HTTP/1.1" 420 36
2016-07-31 23:09:11,480 - requests_oauthlib.oauth1_auth - DEBUG - Signing request <PreparedRequest [POST]> using client <Client nonce=None, signature_method=HMAC-SHA1, realm=None, encoding=utf-8, timestamp=None, resource_owner_secret=****, decoding=None, verifier=None, signature_type=AUTH_HEADER, rsa_key=None, resource_owner_key=1643363726-ckeI51IwJChIhzvzLoXwqMJtv7f9O6jywmRa3cn, client_secret=****, callback_uri=None, client_key=uSTJqwwg4bafY8UBm981Q0UC4>
2016-07-31 23:09:11,481 - requests_oauthlib.oauth1_auth - DEBUG - Including body in call to sign: True
2016-07-31 23:09:11,482 - oauthlib.oauth1.rfc5849 - DEBUG - Collected params: [(u'delimited', u'length'), (u'oauth_nonce', u'38132966835960181761470006551'), (u'oauth_timestamp', u'1470006551'), (u'oauth_consumer_key', u'uSTJqwwg4bafY8UBm981Q0UC4'), (u'oauth_signature_method', u'HMAC-SHA1'), (u'oauth_version', u'1.0'), (u'oauth_token', u'1643363726-ckeI51IwJChIhzvzLoXwqMJtv7f9O6jywmRa3cn'), (u'track', u'a,the,i,you,u'), (u'language', u'en')]
2016-07-31 23:09:11,483 - oauthlib.oauth1.rfc5849 - DEBUG - Normalized params: delimited=length&language=en&oauth_consumer_key=uSTJqwwg4bafY8UBm981Q0UC4&oauth_nonce=38132966835960181761470006551&oauth_signature_method=HMAC-SHA1&oauth_timestamp=1470006551&oauth_token=1643363726-ckeI51IwJChIhzvzLoXwqMJtv7f9O6jywmRa3cn&oauth_version=1.0&track=a%2Cthe%2Ci%2Cyou%2Cu
2016-07-31 23:09:11,483 - oauthlib.oauth1.rfc5849 - DEBUG - Normalized URI: https://stream.twitter.com/1.1/statuses/filter.json
2016-07-31 23:09:11,483 - oauthlib.oauth1.rfc5849 - DEBUG - Base signing string: POST&https%3A%2F%2Fstream.twitter.com%2F1.1%2Fstatuses%2Ffilter.json&delimited%3Dlength%26language%3Den%26oauth_consumer_key%3DuSTJqwwg4bafY8UBm981Q0UC4%26oauth_nonce%3D38132966835960181761470006551%26oauth_signature_method%3DHMAC-SHA1%26oauth_timestamp%3D1470006551%26oauth_token%3D1643363726-ckeI51IwJChIhzvzLoXwqMJtv7f9O6jywmRa3cn%26oauth_version%3D1.0%26track%3Da%252Cthe%252Ci%252Cyou%252Cu
2016-07-31 23:09:11,484 - oauthlib.oauth1.rfc5849 - DEBUG - Signature: YsnA5VjS4apanjepFloOTVkKvrk=
2016-07-31 23:09:11,484 - requests_oauthlib.oauth1_auth - DEBUG - Updated url: https://stream.twitter.com/1.1/statuses/filter.json?delimited=length
2016-07-31 23:09:11,484 - requests_oauthlib.oauth1_auth - DEBUG - Updated headers: {u'Content-Length': u'39', u'Content-Type': u'application/x-www-form-urlencoded', u'Authorization': u'OAuth oauth_nonce="38132966835960181761470006551", oauth_timestamp="1470006551", oauth_version="1.0", oauth_signature_method="HMAC-SHA1", oauth_consumer_key="uSTJqwwg4bafY8UBm981Q0UC4", oauth_token="1643363726-ckeI51IwJChIhzvzLoXwqMJtv7f9O6jywmRa3cn", oauth_signature="YsnA5VjS4apanjepFloOTVkKvrk%3D"'}
2016-07-31 23:09:11,484 - requests_oauthlib.oauth1_auth - DEBUG - Updated body: u'track=a%2Cthe%2Ci%2Cyou%2Cu&language=en'
2016-07-31 23:09:11,485 - requests.packages.urllib3.connectionpool - INFO - Starting new HTTPS connection (2): stream.twitter.com
2016-07-31 23:09:11,687 - requests.packages.urllib3.connectionpool - DEBUG - "POST /1.1/statuses/filter.json?delimited=length HTTP/1.1" 420 36
2016-07-31 23:11:11,790 - requests_oauthlib.oauth1_auth - DEBUG - Signing request <PreparedRequest [POST]> using client <Client nonce=None, signature_method=HMAC-SHA1, realm=None, encoding=utf-8, timestamp=None, resource_owner_secret=****, decoding=None, verifier=None, signature_type=AUTH_HEADER, rsa_key=None, resource_owner_key=1643363726-ckeI51IwJChIhzvzLoXwqMJtv7f9O6jywmRa3cn, client_secret=****, callback_uri=None, client_key=uSTJqwwg4bafY8UBm981Q0UC4>
2016-07-31 23:11:11,790 - requests_oauthlib.oauth1_auth - DEBUG - Including body in call to sign: True
2016-07-31 23:11:11,791 - oauthlib.oauth1.rfc5849 - DEBUG - Collected params: [(u'delimited', u'length'), (u'oauth_nonce', u'104350014693932981411470006671'), (u'oauth_timestamp', u'1470006671'), (u'oauth_consumer_key', u'uSTJqwwg4bafY8UBm981Q0UC4'), (u'oauth_signature_method', u'HMAC-SHA1'), (u'oauth_version', u'1.0'), (u'oauth_token', u'1643363726-ckeI51IwJChIhzvzLoXwqMJtv7f9O6jywmRa3cn'), (u'track', u'a,the,i,you,u'), (u'language', u'en')]
2016-07-31 23:11:11,791 - oauthlib.oauth1.rfc5849 - DEBUG - Normalized params: delimited=length&language=en&oauth_consumer_key=uSTJqwwg4bafY8UBm981Q0UC4&oauth_nonce=104350014693932981411470006671&oauth_signature_method=HMAC-SHA1&oauth_timestamp=1470006671&oauth_token=1643363726-ckeI51IwJChIhzvzLoXwqMJtv7f9O6jywmRa3cn&oauth_version=1.0&track=a%2Cthe%2Ci%2Cyou%2Cu
2016-07-31 23:11:11,791 - oauthlib.oauth1.rfc5849 - DEBUG - Normalized URI: https://stream.twitter.com/1.1/statuses/filter.json
2016-07-31 23:11:11,792 - oauthlib.oauth1.rfc5849 - DEBUG - Base signing string: POST&https%3A%2F%2Fstream.twitter.com%2F1.1%2Fstatuses%2Ffilter.json&delimited%3Dlength%26language%3Den%26oauth_consumer_key%3DuSTJqwwg4bafY8UBm981Q0UC4%26oauth_nonce%3D104350014693932981411470006671%26oauth_signature_method%3DHMAC-SHA1%26oauth_timestamp%3D1470006671%26oauth_token%3D1643363726-ckeI51IwJChIhzvzLoXwqMJtv7f9O6jywmRa3cn%26oauth_version%3D1.0%26track%3Da%252Cthe%252Ci%252Cyou%252Cu
2016-07-31 23:11:11,792 - oauthlib.oauth1.rfc5849 - DEBUG - Signature: UcYLzhmDDvjSQlSquEt+N3OjOCc=
2016-07-31 23:11:11,792 - requests_oauthlib.oauth1_auth - DEBUG - Updated url: https://stream.twitter.com/1.1/statuses/filter.json?delimited=length
2016-07-31 23:11:11,793 - requests_oauthlib.oauth1_auth - DEBUG - Updated headers: {u'Content-Length': u'39', u'Content-Type': u'application/x-www-form-urlencoded', u'Authorization': u'OAuth oauth_nonce="104350014693932981411470006671", oauth_timestamp="1470006671", oauth_version="1.0", oauth_signature_method="HMAC-SHA1", oauth_consumer_key="uSTJqwwg4bafY8UBm981Q0UC4", oauth_token="1643363726-ckeI51IwJChIhzvzLoXwqMJtv7f9O6jywmRa3cn", oauth_signature="UcYLzhmDDvjSQlSquEt%2BN3OjOCc%3D"'}
2016-07-31 23:11:11,793 - requests_oauthlib.oauth1_auth - DEBUG - Updated body: u'track=a%2Cthe%2Ci%2Cyou%2Cu&language=en'
2016-07-31 23:11:11,793 - requests.packages.urllib3.connectionpool - INFO - Starting new HTTPS connection (3): stream.twitter.com
2016-07-31 23:11:12,115 - requests.packages.urllib3.connectionpool - DEBUG - "POST /1.1/statuses/filter.json?delimited=length HTTP/1.1" 420 36
2016-07-31 23:15:12,220 - requests_oauthlib.oauth1_auth - DEBUG - Signing request <PreparedRequest [POST]> using client <Client nonce=None, signature_method=HMAC-SHA1, realm=None, encoding=utf-8, timestamp=None, resource_owner_secret=****, decoding=None, verifier=None, signature_type=AUTH_HEADER, rsa_key=None, resource_owner_key=1643363726-ckeI51IwJChIhzvzLoXwqMJtv7f9O6jywmRa3cn, client_secret=****, callback_uri=None, client_key=uSTJqwwg4bafY8UBm981Q0UC4>
2016-07-31 23:15:12,220 - requests_oauthlib.oauth1_auth - DEBUG - Including body in call to sign: True
2016-07-31 23:15:12,221 - oauthlib.oauth1.rfc5849 - DEBUG - Collected params: [(u'delimited', u'length'), (u'oauth_nonce', u'44435784751195188281470006912'), (u'oauth_timestamp', u'1470006912'), (u'oauth_consumer_key', u'uSTJqwwg4bafY8UBm981Q0UC4'), (u'oauth_signature_method', u'HMAC-SHA1'), (u'oauth_version', u'1.0'), (u'oauth_token', u'1643363726-ckeI51IwJChIhzvzLoXwqMJtv7f9O6jywmRa3cn'), (u'track', u'a,the,i,you,u'), (u'language', u'en')]
2016-07-31 23:15:12,222 - oauthlib.oauth1.rfc5849 - DEBUG - Normalized params: delimited=length&language=en&oauth_consumer_key=uSTJqwwg4bafY8UBm981Q0UC4&oauth_nonce=44435784751195188281470006912&oauth_signature_method=HMAC-SHA1&oauth_timestamp=1470006912&oauth_token=1643363726-ckeI51IwJChIhzvzLoXwqMJtv7f9O6jywmRa3cn&oauth_version=1.0&track=a%2Cthe%2Ci%2Cyou%2Cu
2016-07-31 23:15:12,222 - oauthlib.oauth1.rfc5849 - DEBUG - Normalized URI: https://stream.twitter.com/1.1/statuses/filter.json
2016-07-31 23:15:12,222 - oauthlib.oauth1.rfc5849 - DEBUG - Base signing string: POST&https%3A%2F%2Fstream.twitter.com%2F1.1%2Fstatuses%2Ffilter.json&delimited%3Dlength%26language%3Den%26oauth_consumer_key%3DuSTJqwwg4bafY8UBm981Q0UC4%26oauth_nonce%3D44435784751195188281470006912%26oauth_signature_method%3DHMAC-SHA1%26oauth_timestamp%3D1470006912%26oauth_token%3D1643363726-ckeI51IwJChIhzvzLoXwqMJtv7f9O6jywmRa3cn%26oauth_version%3D1.0%26track%3Da%252Cthe%252Ci%252Cyou%252Cu
2016-07-31 23:15:12,223 - oauthlib.oauth1.rfc5849 - DEBUG - Signature: 0/22M71vLgrT4mTDAOZ9ru5XgJU=
2016-07-31 23:15:12,223 - requests_oauthlib.oauth1_auth - DEBUG - Updated url: https://stream.twitter.com/1.1/statuses/filter.json?delimited=length
2016-07-31 23:15:12,223 - requests_oauthlib.oauth1_auth - DEBUG - Updated headers: {u'Content-Length': u'39', u'Content-Type': u'application/x-www-form-urlencoded', u'Authorization': u'OAuth oauth_nonce="44435784751195188281470006912", oauth_timestamp="1470006912", oauth_version="1.0", oauth_signature_method="HMAC-SHA1", oauth_consumer_key="uSTJqwwg4bafY8UBm981Q0UC4", oauth_token="1643363726-ckeI51IwJChIhzvzLoXwqMJtv7f9O6jywmRa3cn", oauth_signature="0%2F22M71vLgrT4mTDAOZ9ru5XgJU%3D"'}
2016-07-31 23:15:12,224 - requests_oauthlib.oauth1_auth - DEBUG - Updated body: u'track=a%2Cthe%2Ci%2Cyou%2Cu&language=en'
2016-07-31 23:15:12,224 - requests.packages.urllib3.connectionpool - INFO - Starting new HTTPS connection (4): stream.twitter.com
2016-07-31 23:15:12,343 - requests.packages.urllib3.connectionpool - DEBUG - "POST /1.1/statuses/filter.json?delimited=length HTTP/1.1" 420 36
2016-07-31 23:20:32,423 - requests_oauthlib.oauth1_auth - DEBUG - Signing request <PreparedRequest [POST]> using client <Client nonce=None, signature_method=HMAC-SHA1, realm=None, encoding=utf-8, timestamp=None, resource_owner_secret=****, decoding=None, verifier=None, signature_type=AUTH_HEADER, rsa_key=None, resource_owner_key=1643363726-ckeI51IwJChIhzvzLoXwqMJtv7f9O6jywmRa3cn, client_secret=****, callback_uri=None, client_key=uSTJqwwg4bafY8UBm981Q0UC4>
2016-07-31 23:20:32,423 - requests_oauthlib.oauth1_auth - DEBUG - Including body in call to sign: True
2016-07-31 23:20:32,424 - oauthlib.oauth1.rfc5849 - DEBUG - Collected params: [(u'delimited', u'length'), (u'oauth_nonce', u'60323560615054818201470007232'), (u'oauth_timestamp', u'1470007232'), (u'oauth_consumer_key', u'uSTJqwwg4bafY8UBm981Q0UC4'), (u'oauth_signature_method', u'HMAC-SHA1'), (u'oauth_version', u'1.0'), (u'oauth_token', u'1643363726-ckeI51IwJChIhzvzLoXwqMJtv7f9O6jywmRa3cn'), (u'track', u'a,the,i,you,u'), (u'language', u'en')]
2016-07-31 23:20:32,424 - oauthlib.oauth1.rfc5849 - DEBUG - Normalized params: delimited=length&language=en&oauth_consumer_key=uSTJqwwg4bafY8UBm981Q0UC4&oauth_nonce=60323560615054818201470007232&oauth_signature_method=HMAC-SHA1&oauth_timestamp=1470007232&oauth_token=1643363726-ckeI51IwJChIhzvzLoXwqMJtv7f9O6jywmRa3cn&oauth_version=1.0&track=a%2Cthe%2Ci%2Cyou%2Cu
2016-07-31 23:20:32,424 - oauthlib.oauth1.rfc5849 - DEBUG - Normalized URI: https://stream.twitter.com/1.1/statuses/filter.json
2016-07-31 23:20:32,424 - oauthlib.oauth1.rfc5849 - DEBUG - Base signing string: POST&https%3A%2F%2Fstream.twitter.com%2F1.1%2Fstatuses%2Ffilter.json&delimited%3Dlength%26language%3Den%26oauth_consumer_key%3DuSTJqwwg4bafY8UBm981Q0UC4%26oauth_nonce%3D60323560615054818201470007232%26oauth_signature_method%3DHMAC-SHA1%26oauth_timestamp%3D1470007232%26oauth_token%3D1643363726-ckeI51IwJChIhzvzLoXwqMJtv7f9O6jywmRa3cn%26oauth_version%3D1.0%26track%3Da%252Cthe%252Ci%252Cyou%252Cu
2016-07-31 23:20:32,425 - oauthlib.oauth1.rfc5849 - DEBUG - Signature: kHbMKMBNMrav83nSpIuahurg57s=
2016-07-31 23:20:32,425 - requests_oauthlib.oauth1_auth - DEBUG - Updated url: https://stream.twitter.com/1.1/statuses/filter.json?delimited=length
2016-07-31 23:20:32,425 - requests_oauthlib.oauth1_auth - DEBUG - Updated headers: {u'Content-Length': u'39', u'Content-Type': u'application/x-www-form-urlencoded', u'Authorization': u'OAuth oauth_nonce="60323560615054818201470007232", oauth_timestamp="1470007232", oauth_version="1.0", oauth_signature_method="HMAC-SHA1", oauth_consumer_key="uSTJqwwg4bafY8UBm981Q0UC4", oauth_token="1643363726-ckeI51IwJChIhzvzLoXwqMJtv7f9O6jywmRa3cn", oauth_signature="kHbMKMBNMrav83nSpIuahurg57s%3D"'}
2016-07-31 23:20:32,425 - requests_oauthlib.oauth1_auth - DEBUG - Updated body: u'track=a%2Cthe%2Ci%2Cyou%2Cu&language=en'
2016-07-31 23:20:32,426 - requests.packages.urllib3.connectionpool - INFO - Starting new HTTPS connection (5): stream.twitter.com
2016-07-31 23:20:32,639 - requests.packages.urllib3.connectionpool - DEBUG - "POST /1.1/statuses/filter.json?delimited=length HTTP/1.1" 200 None
