2016-08-01 02:58:25,871 - oauthlib.oauth1.rfc5849 - DEBUG - Signature: EciArigdpofxpNwswBJ305KP8UI=
2016-08-01 02:58:25,871 - requests_oauthlib.oauth1_auth - DEBUG - Updated url: https://stream.twitter.com/1.1/statuses/filter.json?delimited=length
2016-08-01 02:58:25,872 - requests_oauthlib.oauth1_auth - DEBUG - Updated headers: {u'Content-Length': u'39', u'Content-Type': u'application/x-www-form-urlencoded', u'Authorization': u'OAuth oauth_nonce="54963650879083039561470020305", oauth_timestamp="1470020305", oauth_version="1.0", oauth_signature_method="HMAC-SHA1", oauth_consumer_key="%3Center%20your%20consumer%20key%3E", oauth_token="%3Center%20your%20access%20token%3E", oauth_signature="EciArigdpofxpNwswBJ305KP8UI%3D"'}
2016-08-01 02:58:25,872 - requests_oauthlib.oauth1_auth - DEBUG - Updated body: u'track=a%2Cthe%2Ci%2Cyou%2Cu&language=en'
2016-08-01 02:58:25,872 - requests.packages.urllib3.connectionpool - INFO - Starting new HTTPS connection (326): stream.twitter.com
2016-08-01 02:58:25,943 - requests.packages.urllib3.connectionpool - DEBUG - "POST /1.1/statuses/filter.json?delimited=length HTTP/1.1" 401 283
2016-08-01 03:03:46,046 - requests_oauthlib.oauth1_auth - DEBUG - Signing request <PreparedRequest [POST]> using client <Client nonce=None, signature_method=HMAC-SHA1, realm=None, encoding=utf-8, timestamp=None, resource_owner_secret=****, decoding=None, verifier=None, signature_type=AUTH_HEADER, rsa_key=None, resource_owner_key=<enter your access token>, client_secret=****, callback_uri=None, client_key=<enter your consumer key>>
2016-08-01 03:03:46,046 - requests_oauthlib.oauth1_auth - DEBUG - Including body in call to sign: True
2016-08-01 03:03:46,047 - oauthlib.oauth1.rfc5849 - DEBUG - Collected params: [(u'delimited', u'length'), (u'oauth_nonce', u'169712351367313184321470020626'), (u'oauth_timestamp', u'1470020626'), (u'oauth_consumer_key', u'<enter your consumer key>'), (u'oauth_signature_method', u'HMAC-SHA1'), (u'oauth_version', u'1.0'), (u'oauth_token', u'<enter your access token>'), (u'track', u'a,the,i,you,u'), (u'language', u'en')]
2016-08-01 03:03:46,047 - oauthlib.oauth1.rfc5849 - DEBUG - Normalized params: delimited=length&language=en&oauth_consumer_key=%3Center%20your%20consumer%20key%3E&oauth_nonce=169712351367313184321470020626&oauth_signature_method=HMAC-SHA1&oauth_timestamp=1470020626&oauth_token=%3Center%20your%20access%20token%3E&oauth_version=1.0&track=a%2Cthe%2Ci%2Cyou%2Cu
2016-08-01 03:03:46,047 - oauthlib.oauth1.rfc5849 - DEBUG - Normalized URI: https://stream.twitter.com/1.1/statuses/filter.json
2016-08-01 03:03:46,047 - oauthlib.oauth1.rfc5849 - DEBUG - Base signing string: POST&https%3A%2F%2Fstream.twitter.com%2F1.1%2Fstatuses%2Ffilter.json&delimited%3Dlength%26language%3Den%26oauth_consumer_key%3D%253Center%2520your%2520consumer%2520key%253E%26oauth_nonce%3D169712351367313184321470020626%26oauth_signature_method%3DHMAC-SHA1%26oauth_timestamp%3D1470020626%26oauth_token%3D%253Center%2520your%2520access%2520token%253E%26oauth_version%3D1.0%26track%3Da%252Cthe%252Ci%252Cyou%252Cu
2016-08-01 03:03:46,047 - oauthlib.oauth1.rfc5849 - DEBUG - Signature: AuKFn5nf6uYisIYTgQtEGiKCIfA=
2016-08-01 03:03:46,048 - requests_oauthlib.oauth1_auth - DEBUG - Updated url: https://stream.twitter.com/1.1/statuses/filter.json?delimited=length
2016-08-01 03:03:46,048 - requests_oauthlib.oauth1_auth - DEBUG - Updated headers: {u'Content-Length': u'39', u'Content-Type': u'application/x-www-form-urlencoded', u'Authorization': u'OAuth oauth_nonce="169712351367313184321470020626", oauth_timestamp="1470020626", oauth_version="1.0", oauth_signature_method="HMAC-SHA1", oauth_consumer_key="%3Center%20your%20consumer%20key%3E", oauth_token="%3Center%20your%20access%20token%3E", oauth_signature="AuKFn5nf6uYisIYTgQtEGiKCIfA%3D"'}
2016-08-01 03:03:46,048 - requests_oauthlib.oauth1_auth - DEBUG - Updated body: u'track=a%2Cthe%2Ci%2Cyou%2Cu&language=en'
2016-08-01 03:03:46,048 - requests.packages.urllib3.connectionpool - INFO - Starting new HTTPS connection (327): stream.twitter.com
2016-08-01 03:03:46,119 - requests.packages.urllib3.connectionpool - DEBUG - "POST /1.1/statuses/filter.json?delimited=length HTTP/1.1" 401 283
2016-08-01 03:09:06,221 - requests_oauthlib.oauth1_auth - DEBUG - Signing request <PreparedRequest [POST]> using client <Client nonce=None, signature_method=HMAC-SHA1, realm=None, encoding=utf-8, timestamp=None, resource_owner_secret=****, decoding=None, verifier=None, signature_type=AUTH_HEADER, rsa_key=None, resource_owner_key=<enter your access token>, client_secret=****, callback_uri=None, client_key=<enter your consumer key>>
2016-08-01 03:09:06,222 - requests_oauthlib.oauth1_auth - DEBUG - Including body in call to sign: True
2016-08-01 03:09:06,222 - oauthlib.oauth1.rfc5849 - DEBUG - Collected params: [(u'delimited', u'length'), (u'oauth_nonce', u'112656369517878943351470020946'), (u'oauth_timestamp', u'1470020946'), (u'oauth_consumer_key', u'<enter your consumer key>'), (u'oauth_signature_method', u'HMAC-SHA1'), (u'oauth_version', u'1.0'), (u'oauth_token', u'<enter your access token>'), (u'track', u'a,the,i,you,u'), (u'language', u'en')]
2016-08-01 03:09:06,223 - oauthlib.oauth1.rfc5849 - DEBUG - Normalized params: delimited=length&language=en&oauth_consumer_key=%3Center%20your%20consumer%20key%3E&oauth_nonce=112656369517878943351470020946&oauth_signature_method=HMAC-SHA1&oauth_timestamp=1470020946&oauth_token=%3Center%20your%20access%20token%3E&oauth_version=1.0&track=a%2Cthe%2Ci%2Cyou%2Cu
2016-08-01 03:09:06,223 - oauthlib.oauth1.rfc5849 - DEBUG - Normalized URI: https://stream.twitter.com/1.1/statuses/filter.json
2016-08-01 03:09:06,223 - oauthlib.oauth1.rfc5849 - DEBUG - Base signing string: POST&https%3A%2F%2Fstream.twitter.com%2F1.1%2Fstatuses%2Ffilter.json&delimited%3Dlength%26language%3Den%26oauth_consumer_key%3D%253Center%2520your%2520consumer%2520key%253E%26oauth_nonce%3D112656369517878943351470020946%26oauth_signature_method%3DHMAC-SHA1%26oauth_timestamp%3D1470020946%26oauth_token%3D%253Center%2520your%2520access%2520token%253E%26oauth_version%3D1.0%26track%3Da%252Cthe%252Ci%252Cyou%252Cu
2016-08-01 03:09:06,223 - oauthlib.oauth1.rfc5849 - DEBUG - Signature: tAAPR/+MtJii4gLmWO0pSNZasfQ=
2016-08-01 03:09:06,223 - requests_oauthlib.oauth1_auth - DEBUG - Updated url: https://stream.twitter.com/1.1/statuses/filter.json?delimited=length
2016-08-01 03:09:06,224 - requests_oauthlib.oauth1_auth - DEBUG - Updated headers: {u'Content-Length': u'39', u'Content-Type': u'application/x-www-form-urlencoded', u'Authorization': u'OAuth oauth_nonce="112656369517878943351470020946", oauth_timestamp="1470020946", oauth_version="1.0", oauth_signature_method="HMAC-SHA1", oauth_consumer_key="%3Center%20your%20consumer%20key%3E", oauth_token="%3Center%20your%20access%20token%3E", oauth_signature="tAAPR%2F%2BMtJii4gLmWO0pSNZasfQ%3D"'}
2016-08-01 03:09:06,224 - requests_oauthlib.oauth1_auth - DEBUG - Updated body: u'track=a%2Cthe%2Ci%2Cyou%2Cu&language=en'
2016-08-01 03:09:06,224 - requests.packages.urllib3.connectionpool - INFO - Starting new HTTPS connection (328): stream.twitter.com
2016-08-01 03:09:06,293 - requests.packages.urllib3.connectionpool - DEBUG - "POST /1.1/statuses/filter.json?delimited=length HTTP/1.1" 401 283
2016-08-01 03:14:26,396 - requests_oauthlib.oauth1_auth - DEBUG - Signing request <PreparedRequest [POST]> using client <Client nonce=None, signature_method=HMAC-SHA1, realm=None, encoding=utf-8, timestamp=None, resource_owner_secret=****, decoding=None, verifier=None, signature_type=AUTH_HEADER, rsa_key=None, resource_owner_key=<enter your access token>, client_secret=****, callback_uri=None, client_key=<enter your consumer key>>
2016-08-01 03:14:26,397 - requests_oauthlib.oauth1_auth - DEBUG - Including body in call to sign: True
2016-08-01 03:14:26,397 - oauthlib.oauth1.rfc5849 - DEBUG - Collected params: [(u'delimited', u'length'), (u'oauth_nonce', u'9401974033466915111470021266'), (u'oauth_timestamp', u'1470021266'), (u'oauth_consumer_key', u'<enter your consumer key>'), (u'oauth_signature_method', u'HMAC-SHA1'), (u'oauth_version', u'1.0'), (u'oauth_token', u'<enter your access token>'), (u'track', u'a,the,i,you,u'), (u'language', u'en')]
2016-08-01 03:14:26,398 - oauthlib.oauth1.rfc5849 - DEBUG - Normalized params: delimited=length&language=en&oauth_consumer_key=%3Center%20your%20consumer%20key%3E&oauth_nonce=9401974033466915111470021266&oauth_signature_method=HMAC-SHA1&oauth_timestamp=1470021266&oauth_token=%3Center%20your%20access%20token%3E&oauth_version=1.0&track=a%2Cthe%2Ci%2Cyou%2Cu
2016-08-01 03:14:26,398 - oauthlib.oauth1.rfc5849 - DEBUG - Normalized URI: https://stream.twitter.com/1.1/statuses/filter.json
2016-08-01 03:14:26,398 - oauthlib.oauth1.rfc5849 - DEBUG - Base signing string: POST&https%3A%2F%2Fstream.twitter.com%2F1.1%2Fstatuses%2Ffilter.json&delimited%3Dlength%26language%3Den%26oauth_consumer_key%3D%253Center%2520your%2520consumer%2520key%253E%26oauth_nonce%3D9401974033466915111470021266%26oauth_signature_method%3DHMAC-SHA1%26oauth_timestamp%3D1470021266%26oauth_token%3D%253Center%2520your%2520access%2520token%253E%26oauth_version%3D1.0%26track%3Da%252Cthe%252Ci%252Cyou%252Cu
2016-08-01 03:14:26,398 - oauthlib.oauth1.rfc5849 - DEBUG - Signature: 9jo2HduD6/gg5h6n+lJaE/FaGD8=
2016-08-01 03:14:26,399 - requests_oauthlib.oauth1_auth - DEBUG - Updated url: https://stream.twitter.com/1.1/statuses/filter.json?delimited=length
2016-08-01 03:14:26,399 - requests_oauthlib.oauth1_auth - DEBUG - Updated headers: {u'Content-Length': u'39', u'Content-Type': u'application/x-www-form-urlencoded', u'Authorization': u'OAuth oauth_nonce="9401974033466915111470021266", oauth_timestamp="1470021266", oauth_version="1.0", oauth_signature_method="HMAC-SHA1", oauth_consumer_key="%3Center%20your%20consumer%20key%3E", oauth_token="%3Center%20your%20access%20token%3E", oauth_signature="9jo2HduD6%2Fgg5h6n%2BlJaE%2FFaGD8%3D"'}
2016-08-01 03:14:26,399 - requests_oauthlib.oauth1_auth - DEBUG - Updated body: u'track=a%2Cthe%2Ci%2Cyou%2Cu&language=en'
2016-08-01 03:14:26,399 - requests.packages.urllib3.connectionpool - INFO - Starting new HTTPS connection (329): stream.twitter.com
2016-08-01 03:14:26,477 - requests.packages.urllib3.connectionpool - DEBUG - "POST /1.1/statuses/filter.json?delimited=length HTTP/1.1" 401 283
2016-08-01 03:19:46,581 - requests_oauthlib.oauth1_auth - DEBUG - Signing request <PreparedRequest [POST]> using client <Client nonce=None, signature_method=HMAC-SHA1, realm=None, encoding=utf-8, timestamp=None, resource_owner_secret=****, decoding=None, verifier=None, signature_type=AUTH_HEADER, rsa_key=None, resource_owner_key=<enter your access token>, client_secret=****, callback_uri=None, client_key=<enter your consumer key>>
2016-08-01 03:19:46,582 - requests_oauthlib.oauth1_auth - DEBUG - Including body in call to sign: True
2016-08-01 03:19:46,582 - oauthlib.oauth1.rfc5849 - DEBUG - Collected params: [(u'delimited', u'length'), (u'oauth_nonce', u'178450179809284199411470021586'), (u'oauth_timestamp', u'1470021586'), (u'oauth_consumer_key', u'<enter your consumer key>'), (u'oauth_signature_method', u'HMAC-SHA1'), (u'oauth_version', u'1.0'), (u'oauth_token', u'<enter your access token>'), (u'track', u'a,the,i,you,u'), (u'language', u'en')]
2016-08-01 03:19:46,583 - oauthlib.oauth1.rfc5849 - DEBUG - Normalized params: delimited=length&language=en&oauth_consumer_key=%3Center%20your%20consumer%20key%3E&oauth_nonce=178450179809284199411470021586&oauth_signature_method=HMAC-SHA1&oauth_timestamp=1470021586&oauth_token=%3Center%20your%20access%20token%3E&oauth_version=1.0&track=a%2Cthe%2Ci%2Cyou%2Cu
2016-08-01 03:19:46,583 - oauthlib.oauth1.rfc5849 - DEBUG - Normalized URI: https://stream.twitter.com/1.1/statuses/filter.json
2016-08-01 03:19:46,583 - oauthlib.oauth1.rfc5849 - DEBUG - Base signing string: POST&https%3A%2F%2Fstream.twitter.com%2F1.1%2Fstatuses%2Ffilter.json&delimited%3Dlength%26language%3Den%26oauth_consumer_key%3D%253Center%2520your%2520consumer%2520key%253E%26oauth_nonce%3D178450179809284199411470021586%26oauth_signature_method%3DHMAC-SHA1%26oauth_timestamp%3D1470021586%26oauth_token%3D%253Center%2520your%2520access%2520token%253E%26oauth_version%3D1.0%26track%3Da%252Cthe%252Ci%252Cyou%252Cu
2016-08-01 03:19:46,583 - oauthlib.oauth1.rfc5849 - DEBUG - Signature: 9WMDRlvbwhRR7QpGD3Vp+tQCfaU=
2016-08-01 03:19:46,583 - requests_oauthlib.oauth1_auth - DEBUG - Updated url: https://stream.twitter.com/1.1/statuses/filter.json?delimited=length
2016-08-01 03:19:46,583 - requests_oauthlib.oauth1_auth - DEBUG - Updated headers: {u'Content-Length': u'39', u'Content-Type': u'application/x-www-form-urlencoded', u'Authorization': u'OAuth oauth_nonce="178450179809284199411470021586", oauth_timestamp="1470021586", oauth_version="1.0", oauth_signature_method="HMAC-SHA1", oauth_consumer_key="%3Center%20your%20consumer%20key%3E", oauth_token="%3Center%20your%20access%20token%3E", oauth_signature="9WMDRlvbwhRR7QpGD3Vp%2BtQCfaU%3D"'}
2016-08-01 03:19:46,584 - requests_oauthlib.oauth1_auth - DEBUG - Updated body: u'track=a%2Cthe%2Ci%2Cyou%2Cu&language=en'
2016-08-01 03:19:46,584 - requests.packages.urllib3.connectionpool - INFO - Starting new HTTPS connection (330): stream.twitter.com
2016-08-01 03:19:46,655 - requests.packages.urllib3.connectionpool - DEBUG - "POST /1.1/statuses/filter.json?delimited=length HTTP/1.1" 401 283
2016-08-01 03:25:06,758 - requests_oauthlib.oauth1_auth - DEBUG - Signing request <PreparedRequest [POST]> using client <Client nonce=None, signature_method=HMAC-SHA1, realm=None, encoding=utf-8, timestamp=None, resource_owner_secret=****, decoding=None, verifier=None, signature_type=AUTH_HEADER, rsa_key=None, resource_owner_key=<enter your access token>, client_secret=****, callback_uri=None, client_key=<enter your consumer key>>
2016-08-01 03:25:06,758 - requests_oauthlib.oauth1_auth - DEBUG - Including body in call to sign: True
2016-08-01 03:25:06,759 - oauthlib.oauth1.rfc5849 - DEBUG - Collected params: [(u'delimited', u'length'), (u'oauth_nonce', u'62627432983779437081470021906'), (u'oauth_timestamp', u'1470021906'), (u'oauth_consumer_key', u'<enter your consumer key>'), (u'oauth_signature_method', u'HMAC-SHA1'), (u'oauth_version', u'1.0'), (u'oauth_token', u'<enter your access token>'), (u'track', u'a,the,i,you,u'), (u'language', u'en')]
2016-08-01 03:25:06,759 - oauthlib.oauth1.rfc5849 - DEBUG - Normalized params: delimited=length&language=en&oauth_consumer_key=%3Center%20your%20consumer%20key%3E&oauth_nonce=62627432983779437081470021906&oauth_signature_method=HMAC-SHA1&oauth_timestamp=1470021906&oauth_token=%3Center%20your%20access%20token%3E&oauth_version=1.0&track=a%2Cthe%2Ci%2Cyou%2Cu
2016-08-01 03:25:06,759 - oauthlib.oauth1.rfc5849 - DEBUG - Normalized URI: https://stream.twitter.com/1.1/statuses/filter.json
2016-08-01 03:25:06,759 - oauthlib.oauth1.rfc5849 - DEBUG - Base signing string: POST&https%3A%2F%2Fstream.twitter.com%2F1.1%2Fstatuses%2Ffilter.json&delimited%3Dlength%26language%3Den%26oauth_consumer_key%3D%253Center%2520your%2520consumer%2520key%253E%26oauth_nonce%3D62627432983779437081470021906%26oauth_signature_method%3DHMAC-SHA1%26oauth_timestamp%3D1470021906%26oauth_token%3D%253Center%2520your%2520access%2520token%253E%26oauth_version%3D1.0%26track%3Da%252Cthe%252Ci%252Cyou%252Cu
2016-08-01 03:25:06,759 - oauthlib.oauth1.rfc5849 - DEBUG - Signature: IqwdHWp2xCYUm6ZaLmNk9WJxQc8=
2016-08-01 03:25:06,760 - requests_oauthlib.oauth1_auth - DEBUG - Updated url: https://stream.twitter.com/1.1/statuses/filter.json?delimited=length
2016-08-01 03:25:06,760 - requests_oauthlib.oauth1_auth - DEBUG - Updated headers: {u'Content-Length': u'39', u'Content-Type': u'application/x-www-form-urlencoded', u'Authorization': u'OAuth oauth_nonce="62627432983779437081470021906", oauth_timestamp="1470021906", oauth_version="1.0", oauth_signature_method="HMAC-SHA1", oauth_consumer_key="%3Center%20your%20consumer%20key%3E", oauth_token="%3Center%20your%20access%20token%3E", oauth_signature="IqwdHWp2xCYUm6ZaLmNk9WJxQc8%3D"'}
2016-08-01 03:25:06,760 - requests_oauthlib.oauth1_auth - DEBUG - Updated body: u'track=a%2Cthe%2Ci%2Cyou%2Cu&language=en'
2016-08-01 03:25:06,760 - requests.packages.urllib3.connectionpool - INFO - Starting new HTTPS connection (331): stream.twitter.com
2016-08-01 03:25:06,830 - requests.packages.urllib3.connectionpool - DEBUG - "POST /1.1/statuses/filter.json?delimited=length HTTP/1.1" 401 283
